app/build/outputs/logs/manifest-merger-release-report.txt
-- Merging decision tree log ---
manifest
ADDED from src\main\AndroidManifest.xml:2:1-469:12
INJECTED from src\main\AndroidManifest.xml:2:1-469:12
INJECTED from src\main\AndroidManifest.xml:2:1-469:12
INJECTED from src\main\AndroidManifest.xml:2:1-469:12
MERGED from [com.android.databinding:adapters:1.3.1] AndroidManifest.xml:17:1-26:12
MERGED from [com.android.databinding:library:1.3.1] AndroidManifest.xml:17:1-26:12
MERGED from [com.android.support:design:24.1.1] AndroidManifest.xml:17:1-24:12
MERGED from [com.android.support:appcompat-v7:24.1.1] AndroidManifest.xml:17:1-27:12
MERGED from [io.reactivex:rxandroid:1.2.1] AndroidManifest.xml:15:1-21:12
MERGED from [com.flipboard:bottomsheet-core:1.5.1] AndroidManifest.xml:2:1-9:12
MERGED from [com.android.support:cardview-v7:25.3.1] AndroidManifest.xml:17:1-28:12
MERGED from [com.android.support.constraint:constraint-layout:1.0.2] AndroidManifest.xml:2:1-11:12
MERGED from [com.android.support:animated-vector-drawable:24.1.1] AndroidManifest.xml:17:1-24:12
MERGED from [com.android.support:support-vector-drawable:24.1.1] AndroidManifest.xml:17:1-25:12
MERGED from [com.android.support:recyclerview-v7:24.1.1] AndroidManifest.xml:17:1-22:12
MERGED from [com.android.support:support-v4:25.3.1] AndroidManifest.xml:17:1-31:12
MERGED from [com.sunmi:DS_Lib:1.0.9] AndroidManifest.xml:2:1-32:12
MERGED from [com.android.support:multidex:1.0.2] AndroidManifest.xml:17:1-22:12
MERGED from [:SunmiPayService:] AndroidManifest.xml:2:1-16:12
MERGED from [com.android.support:support-fragment:25.3.1] AndroidManifest.xml:17:1-31:12
MERGED from [com.android.support:support-media-compat:25.3.1] AndroidManifest.xml:17:1-31:12
MERGED from [com.android.support:support-core-utils:25.3.1] AndroidManifest.xml:17:1-31:12
MERGED from [com.android.support:support-core-ui:25.3.1] AndroidManifest.xml:17:1-31:12
MERGED from [com.android.support:support-compat:25.3.1] AndroidManifest.xml:17:1-31:12
INJECTED from src\main\AndroidManifest.xml:2:1-469:12
INJECTED from src\main\AndroidManifest.xml:2:1-469:12
INJECTED from src\main\AndroidManifest.xml:2:1-469:12
	package
		ADDED from src\main\AndroidManifest.xml:4:5-32
		INJECTED from src\main\AndroidManifest.xml
		INJECTED from src\main\AndroidManifest.xml
	android:versionName
		INJECTED from src\main\AndroidManifest.xml
		ADDED from src\main\AndroidManifest.xml:2:1-469:12
		INJECTED from src\main\AndroidManifest.xml
	xmlns:tools
		ADDED from src\main\AndroidManifest.xml:3:5-51
	android:versionCode
		INJECTED from src\main\AndroidManifest.xml
		ADDED from src\main\AndroidManifest.xml:2:1-469:12
		INJECTED from src\main\AndroidManifest.xml
	xmlns:android
		ADDED from src\main\AndroidManifest.xml:2:11-69
uses-permission#android.permission.ACCESS_WIFI_STATE
ADDED from src\main\AndroidManifest.xml:6:5-76
	android:name
		ADDED from src\main\AndroidManifest.xml:6:22-73
uses-permission#android.permission.INTERNET
ADDED from src\main\AndroidManifest.xml:7:5-67
	android:name
		ADDED from src\main\AndroidManifest.xml:7:22-64
uses-permission#android.permission.CAMERA
ADDED from src\main\AndroidManifest.xml:8:5-65
	android:name
		ADDED from src\main\AndroidManifest.xml:8:22-62
uses-permission#android.permission.WRITE_EXTERNAL_STORAGE
ADDED from src\main\AndroidManifest.xml:9:5-81
	android:name
		ADDED from src\main\AndroidManifest.xml:9:22-78
uses-permission#android.permission.READ_EXTERNAL_STORAGE
ADDED from src\main\AndroidManifest.xml:10:5-80
	android:name
		ADDED from src\main\AndroidManifest.xml:10:22-77
uses-permission#android.permission.ACCESS_NETWORK_STATE
ADDED from src\main\AndroidManifest.xml:11:5-79
	android:name
		ADDED from src\main\AndroidManifest.xml:11:22-76
uses-permission#android.permission.DISABLE_KEYGUARD
ADDED from src\main\AndroidManifest.xml:12:5-75
	android:name
		ADDED from src\main\AndroidManifest.xml:12:22-72
uses-permission#android.permission.BLUETOOTH
ADDED from src\main\AndroidManifest.xml:13:5-68
	android:name
		ADDED from src\main\AndroidManifest.xml:13:22-65
uses-permission#android.permission.BLUETOOTH_ADMIN
ADDED from src\main\AndroidManifest.xml:14:5-74
	android:name
		ADDED from src\main\AndroidManifest.xml:14:22-71
uses-permission#android.permission.VIBRATE
ADDED from src\main\AndroidManifest.xml:15:5-66
	android:name
		ADDED from src\main\AndroidManifest.xml:15:22-63
uses-feature#android.hardware.camera
ADDED from src\main\AndroidManifest.xml:17:5-60
	android:name
		ADDED from src\main\AndroidManifest.xml:17:19-57
uses-feature#android.hardware.camera.autofocus
ADDED from src\main\AndroidManifest.xml:18:5-70
	android:name
		ADDED from src\main\AndroidManifest.xml:18:19-67
uses-feature#android.hardware.nfc
ADDED from src\main\AndroidManifest.xml:20:5-22:35
	android:required
		ADDED from src\main\AndroidManifest.xml:22:9-32
	android:name
		ADDED from src\main\AndroidManifest.xml:21:9-44
uses-permission#android.permission.NFC
ADDED from src\main\AndroidManifest.xml:24:5-62
	android:name
		ADDED from src\main\AndroidManifest.xml:24:22-59
application
ADDED from src\main\AndroidManifest.xml:26:5-468:19
MERGED from [com.android.support:design:24.1.1] AndroidManifest.xml:22:5-20
MERGED from [com.android.support:design:24.1.1] AndroidManifest.xml:22:5-20
MERGED from [com.android.support:appcompat-v7:24.1.1] AndroidManifest.xml:25:5-20
MERGED from [com.android.support:appcompat-v7:24.1.1] AndroidManifest.xml:25:5-20
MERGED from [com.android.support:cardview-v7:25.3.1] AndroidManifest.xml:26:5-20
MERGED from [com.android.support:cardview-v7:25.3.1] AndroidManifest.xml:26:5-20
MERGED from [com.android.support.constraint:constraint-layout:1.0.2] AndroidManifest.xml:9:5-20
MERGED from [com.android.support.constraint:constraint-layout:1.0.2] AndroidManifest.xml:9:5-20
MERGED from [com.android.support:animated-vector-drawable:24.1.1] AndroidManifest.xml:22:5-20
MERGED from [com.android.support:animated-vector-drawable:24.1.1] AndroidManifest.xml:22:5-20
MERGED from [com.android.support:support-vector-drawable:24.1.1] AndroidManifest.xml:23:5-20
MERGED from [com.android.support:support-vector-drawable:24.1.1] AndroidManifest.xml:23:5-20
MERGED from [com.android.support:support-v4:25.3.1] AndroidManifest.xml:29:5-20
MERGED from [com.android.support:support-v4:25.3.1] AndroidManifest.xml:29:5-20
MERGED from [com.sunmi:DS_Lib:1.0.9] AndroidManifest.xml:11:5-30:19
MERGED from [com.sunmi:DS_Lib:1.0.9] AndroidManifest.xml:11:5-30:19
MERGED from [:SunmiPayService:] AndroidManifest.xml:11:5-14:19
MERGED from [:SunmiPayService:] AndroidManifest.xml:11:5-14:19
MERGED from [com.android.support:support-fragment:25.3.1] AndroidManifest.xml:29:5-20
MERGED from [com.android.support:support-fragment:25.3.1] AndroidManifest.xml:29:5-20
MERGED from [com.android.support:support-media-compat:25.3.1] AndroidManifest.xml:29:5-20
MERGED from [com.android.support:support-media-compat:25.3.1] AndroidManifest.xml:29:5-20
MERGED from [com.android.support:support-core-utils:25.3.1] AndroidManifest.xml:29:5-20
MERGED from [com.android.support:support-core-utils:25.3.1] AndroidManifest.xml:29:5-20
MERGED from [com.android.support:support-core-ui:25.3.1] AndroidManifest.xml:29:5-20
MERGED from [com.android.support:support-core-ui:25.3.1] AndroidManifest.xml:29:5-20
MERGED from [com.android.support:support-compat:25.3.1] AndroidManifest.xml:29:5-20
MERGED from [com.android.support:support-compat:25.3.1] AndroidManifest.xml:29:5-20
	android:supportsRtl
		ADDED from src\main\AndroidManifest.xml:31:9-35
	android:label
		ADDED from src\main\AndroidManifest.xml:30:9-41
	android:icon
		ADDED from src\main\AndroidManifest.xml:29:9-43
	android:allowBackup
		ADDED from src\main\AndroidManifest.xml:28:9-35
	android:theme
		ADDED from src\main\AndroidManifest.xml:32:9-47
	android:name
		ADDED from src\main\AndroidManifest.xml:27:9-39
activity#ys.app.petproject.activity.StartActivity
ADDED from src\main\AndroidManifest.xml:33:9-41:20
	android:theme
		ADDED from src\main\AndroidManifest.xml:35:13-50
	android:name
		ADDED from src\main\AndroidManifest.xml:34:13-51
intent-filter#android.intent.action.MAIN+android.intent.category.LAUNCHER
ADDED from src\main\AndroidManifest.xml:36:13-40:29
action#android.intent.action.MAIN
ADDED from src\main\AndroidManifest.xml:37:17-69
	android:name
		ADDED from src\main\AndroidManifest.xml:37:25-66
category#android.intent.category.LAUNCHER
ADDED from src\main\AndroidManifest.xml:39:17-77
	android:name
		ADDED from src\main\AndroidManifest.xml:39:27-74
activity#ys.app.petproject.MainActivity
ADDED from src\main\AndroidManifest.xml:42:9-46:67
	android:screenOrientation
		ADDED from src\main\AndroidManifest.xml:45:13-49
	android:windowSoftInputMode
		ADDED from src\main\AndroidManifest.xml:46:13-64
	android:configChanges
		ADDED from src\main\AndroidManifest.xml:44:13-63
	android:name
		ADDED from src\main\AndroidManifest.xml:43:13-41
activity#ys.app.petproject.activity.inventory.InventoryActivity
ADDED from src\main\AndroidManifest.xml:48:9-58:20
	android:screenOrientation
		ADDED from src\main\AndroidManifest.xml:51:13-49
	android:windowSoftInputMode
		ADDED from src\main\AndroidManifest.xml:52:13-64
	android:configChanges
		ADDED from src\main\AndroidManifest.xml:50:13-63
	android:name
		ADDED from src\main\AndroidManifest.xml:49:13-65
intent-filter#android.intent.category.DEFAULT+ys.app.petproject.action.InventoryActivity
ADDED from src\main\AndroidManifest.xml:53:13-57:29
action#ys.app.petproject.action.InventoryActivity
ADDED from src\main\AndroidManifest.xml:54:17-85
	android:name
		ADDED from src\main\AndroidManifest.xml:54:25-82
category#android.intent.category.DEFAULT
ADDED from src\main\AndroidManifest.xml:56:17-76
	android:name
		ADDED from src\main\AndroidManifest.xml:56:27-73
activity#ys.app.petproject.activity.LoginActivity
ADDED from src\main\AndroidManifest.xml:60:9-72:20
	android:screenOrientation
		ADDED from src\main\AndroidManifest.xml:63:13-49
	android:windowSoftInputMode
		ADDED from src\main\AndroidManifest.xml:64:13-64
	android:configChanges
		ADDED from src\main\AndroidManifest.xml:62:13-63
	android:name
		ADDED from src\main\AndroidManifest.xml:61:13-51
intent-filter#android.intent.category.DEFAULT+ys.app.petproject.action.LoginActivity
ADDED from src\main\AndroidManifest.xml:65:13-71:29
action#ys.app.petproject.action.LoginActivity
ADDED from src\main\AndroidManifest.xml:66:17-81
	android:name
		ADDED from src\main\AndroidManifest.xml:66:25-78
data
ADDED from src\main\AndroidManifest.xml:68:17-48
	android:scheme
		ADDED from src\main\AndroidManifest.xml:68:23-45
activity#ys.app.petproject.activity.CollectMoneyActivity
ADDED from src\main\AndroidManifest.xml:73:9-83:20
	android:screenOrientation
		ADDED from src\main\AndroidManifest.xml:76:13-49
	android:windowSoftInputMode
		ADDED from src\main\AndroidManifest.xml:77:13-64
	android:configChanges
		ADDED from src\main\AndroidManifest.xml:75:13-63
	android:name
		ADDED from src\main\AndroidManifest.xml:74:13-58
intent-filter#android.intent.category.DEFAULT+ys.app.petproject.action.CollectMoneyActivity
ADDED from src\main\AndroidManifest.xml:78:13-82:29
action#ys.app.petproject.action.CollectMoneyActivity
ADDED from src\main\AndroidManifest.xml:79:17-88
	android:name
		ADDED from src\main\AndroidManifest.xml:79:25-85
activity#ys.app.petproject.activity.manage.ManagerActivity
ADDED from src\main\AndroidManifest.xml:84:9-94:20
	android:screenOrientation
		ADDED from src\main\AndroidManifest.xml:87:13-49
	android:windowSoftInputMode
		ADDED from src\main\AndroidManifest.xml:88:13-64
	android:configChanges
		ADDED from src\main\AndroidManifest.xml:86:13-63
	android:name
		ADDED from src\main\AndroidManifest.xml:85:13-60
intent-filter#android.intent.category.DEFAULT+ys.app.petproject.action.ManagerActivity
ADDED from src\main\AndroidManifest.xml:89:13-93:29
action#ys.app.petproject.action.ManagerActivity
ADDED from src\main\AndroidManifest.xml:90:17-83
	android:name
		ADDED from src\main\AndroidManifest.xml:90:25-80
activity#ys.app.petproject.activity.vip.AddVipActivity
ADDED from src\main\AndroidManifest.xml:95:9-99:67
	android:screenOrientation
		ADDED from src\main\AndroidManifest.xml:98:13-49
	android:windowSoftInputMode
		ADDED from src\main\AndroidManifest.xml:99:13-64
	android:configChanges
		ADDED from src\main\AndroidManifest.xml:97:13-63
	android:name
		ADDED from src\main\AndroidManifest.xml:96:13-56
activity#ys.app.petproject.activity.vip.VipDetailActivity
ADDED from src\main\AndroidManifest.xml:100:9-104:67
	android:screenOrientation
		ADDED from src\main\AndroidManifest.xml:103:13-49
	android:windowSoftInputMode
		ADDED from src\main\AndroidManifest.xml:104:13-64
	android:configChanges
		ADDED from src\main\AndroidManifest.xml:102:13-63
	android:name
		ADDED from src\main\AndroidManifest.xml:101:13-59
activity#ys.app.petproject.activity.vip.ChargeActivity
ADDED from src\main\AndroidManifest.xml:105:9-109:67
	android:screenOrientation
		ADDED from src\main\AndroidManifest.xml:108:13-49
	android:windowSoftInputMode
		ADDED from src\main\AndroidManifest.xml:109:13-64
	android:configChanges
		ADDED from src\main\AndroidManifest.xml:107:13-63
	android:name
		ADDED from src\main\AndroidManifest.xml:106:13-56
activity#ys.app.petproject.activity.vip.PayActivity
ADDED from src\main\AndroidManifest.xml:110:9-114:67
	android:screenOrientation
		ADDED from src\main\AndroidManifest.xml:113:13-49
	android:windowSoftInputMode
		ADDED from src\main\AndroidManifest.xml:114:13-64
	android:configChanges
		ADDED from src\main\AndroidManifest.xml:112:13-63
	android:name
		ADDED from src\main\AndroidManifest.xml:111:13-53
activity#ys.app.petproject.activity.vip.PayResultActivity
ADDED from src\main\AndroidManifest.xml:115:9-120:67
	android:screenOrientation
		ADDED from src\main\AndroidManifest.xml:119:13-49
	android:windowSoftInputMode
		ADDED from src\main\AndroidManifest.xml:120:13-64
	android:exported
		ADDED from src\main\AndroidManifest.xml:118:13-36
	android:configChanges
		ADDED from src\main\AndroidManifest.xml:117:13-63
	android:name
		ADDED from src\main\AndroidManifest.xml:116:13-59
activity#ys.app.petproject.activity.GoodsDetailActivity
ADDED from src\main\AndroidManifest.xml:121:9-125:67
	android:screenOrientation
		ADDED from src\main\AndroidManifest.xml:124:13-49
	android:windowSoftInputMode
		ADDED from src\main\AndroidManifest.xml:125:13-64
	android:configChanges
		ADDED from src\main\AndroidManifest.xml:123:13-63
	android:name
		ADDED from src\main\AndroidManifest.xml:122:13-57
activity#ys.app.petproject.activity.CheckActivity
ADDED from src\main\AndroidManifest.xml:126:9-130:67
	android:screenOrientation
		ADDED from src\main\AndroidManifest.xml:129:13-49
	android:windowSoftInputMode
		ADDED from src\main\AndroidManifest.xml:130:13-64
	android:configChanges
		ADDED from src\main\AndroidManifest.xml:128:13-63
	android:name
		ADDED from src\main\AndroidManifest.xml:127:13-51
activity#ys.app.petproject.activity.AddInventoryActivity
ADDED from src\main\AndroidManifest.xml:131:9-135:67
	android:screenOrientation
		ADDED from src\main\AndroidManifest.xml:134:13-49
	android:windowSoftInputMode
		ADDED from src\main\AndroidManifest.xml:135:13-64
	android:configChanges
		ADDED from src\main\AndroidManifest.xml:133:13-63
	android:name
		ADDED from src\main\AndroidManifest.xml:132:13-58
activity#ys.app.petproject.activity.inventory.TakeOutInventoryActivity
ADDED from src\main\AndroidManifest.xml:136:9-140:67
	android:screenOrientation
		ADDED from src\main\AndroidManifest.xml:139:13-49
	android:windowSoftInputMode
		ADDED from src\main\AndroidManifest.xml:140:13-64
	android:configChanges
		ADDED from src\main\AndroidManifest.xml:138:13-63
	android:name
		ADDED from src\main\AndroidManifest.xml:137:13-72
activity#ys.app.petproject.activity.manage.AddActivity
ADDED from src\main\AndroidManifest.xml:141:9-145:67
	android:screenOrientation
		ADDED from src\main\AndroidManifest.xml:144:13-49
	android:windowSoftInputMode
		ADDED from src\main\AndroidManifest.xml:145:13-64
	android:configChanges
		ADDED from src\main\AndroidManifest.xml:143:13-63
	android:name
		ADDED from src\main\AndroidManifest.xml:142:13-56
activity#ys.app.petproject.activity.ModifyActivity
ADDED from src\main\AndroidManifest.xml:146:9-150:67
	android:screenOrientation
		ADDED from src\main\AndroidManifest.xml:149:13-49
	android:windowSoftInputMode
		ADDED from src\main\AndroidManifest.xml:150:13-64
	android:configChanges
		ADDED from src\main\AndroidManifest.xml:148:13-63
	android:name
		ADDED from src\main\AndroidManifest.xml:147:13-52
activity#ys.app.petproject.activity.manage.ModifyPswActivity
ADDED from src\main\AndroidManifest.xml:151:9-155:67
	android:screenOrientation
		ADDED from src\main\AndroidManifest.xml:154:13-49
	android:windowSoftInputMode
		ADDED from src\main\AndroidManifest.xml:155:13-64
	android:configChanges
		ADDED from src\main\AndroidManifest.xml:153:13-63
	android:name
		ADDED from src\main\AndroidManifest.xml:152:13-62
activity#ys.app.petproject.activity.CommitOrderActivity
ADDED from src\main\AndroidManifest.xml:156:9-160:67
	android:screenOrientation
		ADDED from src\main\AndroidManifest.xml:159:13-49
	android:windowSoftInputMode
		ADDED from src\main\AndroidManifest.xml:160:13-64
	android:configChanges
		ADDED from src\main\AndroidManifest.xml:158:13-63
	android:name
		ADDED from src\main\AndroidManifest.xml:157:13-57
activity#ys.app.petproject.activity.ShoppingPayActivity
ADDED from src\main\AndroidManifest.xml:161:9-165:67
	android:screenOrientation
		ADDED from src\main\AndroidManifest.xml:164:13-49
	android:windowSoftInputMode
		ADDED from src\main\AndroidManifest.xml:165:13-64
	android:configChanges
		ADDED from src\main\AndroidManifest.xml:163:13-63
	android:name
		ADDED from src\main\AndroidManifest.xml:162:13-57
activity#ys.app.petproject.activity.ShoppingPayResultActivity
ADDED from src\main\AndroidManifest.xml:166:9-170:67
	android:screenOrientation
		ADDED from src\main\AndroidManifest.xml:169:13-49
	android:windowSoftInputMode
		ADDED from src\main\AndroidManifest.xml:170:13-64
	android:configChanges
		ADDED from src\main\AndroidManifest.xml:168:13-63
	android:name
		ADDED from src\main\AndroidManifest.xml:167:13-63
activity#ys.app.petproject.activity.manage.VipCardActivity
ADDED from src\main\AndroidManifest.xml:171:9-175:67
	android:screenOrientation
		ADDED from src\main\AndroidManifest.xml:174:13-49
	android:windowSoftInputMode
		ADDED from src\main\AndroidManifest.xml:175:13-64
	android:configChanges
		ADDED from src\main\AndroidManifest.xml:173:13-63
	android:name
		ADDED from src\main\AndroidManifest.xml:172:13-60
activity#ys.app.petproject.activity.manage.AddVipCardActivity
ADDED from src\main\AndroidManifest.xml:176:9-180:67
	android:screenOrientation
		ADDED from src\main\AndroidManifest.xml:179:13-49
	android:windowSoftInputMode
		ADDED from src\main\AndroidManifest.xml:180:13-64
	android:configChanges
		ADDED from src\main\AndroidManifest.xml:178:13-63
	android:name
		ADDED from src\main\AndroidManifest.xml:177:13-63
activity#ys.app.petproject.activity.AddAnimalActivity
ADDED from src\main\AndroidManifest.xml:181:9-185:67
	android:screenOrientation
		ADDED from src\main\AndroidManifest.xml:184:13-49
	android:windowSoftInputMode
		ADDED from src\main\AndroidManifest.xml:185:13-64
	android:configChanges
		ADDED from src\main\AndroidManifest.xml:183:13-63
	android:name
		ADDED from src\main\AndroidManifest.xml:182:13-55
activity#ys.app.petproject.activity.ServiceSettingsActivity
ADDED from src\main\AndroidManifest.xml:186:9-190:67
	android:screenOrientation
		ADDED from src\main\AndroidManifest.xml:189:13-49
	android:windowSoftInputMode
		ADDED from src\main\AndroidManifest.xml:190:13-64
	android:configChanges
		ADDED from src\main\AndroidManifest.xml:188:13-63
	android:name
		ADDED from src\main\AndroidManifest.xml:187:13-61
activity#ys.app.petproject.activity.PayListActivity
ADDED from src\main\AndroidManifest.xml:191:9-196:67
	android:screenOrientation
		ADDED from src\main\AndroidManifest.xml:195:13-49
	android:hardwareAccelerated
		ADDED from src\main\AndroidManifest.xml:194:13-48
	android:windowSoftInputMode
		ADDED from src\main\AndroidManifest.xml:196:13-64
	android:configChanges
		ADDED from src\main\AndroidManifest.xml:193:13-63
	android:name
		ADDED from src\main\AndroidManifest.xml:192:13-53
activity#ys.app.petproject.activity.manage.EmployeePerformanceActivity
ADDED from src\main\AndroidManifest.xml:197:9-202:67
	android:screenOrientation
		ADDED from src\main\AndroidManifest.xml:201:13-49
	android:hardwareAccelerated
		ADDED from src\main\AndroidManifest.xml:200:13-48
	android:windowSoftInputMode
		ADDED from src\main\AndroidManifest.xml:202:13-64
	android:configChanges
		ADDED from src\main\AndroidManifest.xml:199:13-63
	android:name
		ADDED from src\main\AndroidManifest.xml:198:13-72
activity#ys.app.petproject.activity.ServiceDetailActivity
ADDED from src\main\AndroidManifest.xml:203:9-208:67
	android:screenOrientation
		ADDED from src\main\AndroidManifest.xml:207:13-49
	android:hardwareAccelerated
		ADDED from src\main\AndroidManifest.xml:206:13-48
	android:windowSoftInputMode
		ADDED from src\main\AndroidManifest.xml:208:13-64
	android:configChanges
		ADDED from src\main\AndroidManifest.xml:205:13-63
	android:name
		ADDED from src\main\AndroidManifest.xml:204:13-59
activity#ys.app.petproject.activity.manage.EmployeeListActivity
ADDED from src\main\AndroidManifest.xml:209:9-214:67
	android:screenOrientation
		ADDED from src\main\AndroidManifest.xml:213:13-49
	android:hardwareAccelerated
		ADDED from src\main\AndroidManifest.xml:212:13-48
	android:windowSoftInputMode
		ADDED from src\main\AndroidManifest.xml:214:13-64
	android:configChanges
		ADDED from src\main\AndroidManifest.xml:211:13-63
	android:name
		ADDED from src\main\AndroidManifest.xml:210:13-65
activity#ys.app.petproject.activity.AddEmployeeActivity
ADDED from src\main\AndroidManifest.xml:215:9-220:67
	android:screenOrientation
		ADDED from src\main\AndroidManifest.xml:219:13-49
	android:hardwareAccelerated
		ADDED from src\main\AndroidManifest.xml:218:13-48
	android:windowSoftInputMode
		ADDED from src\main\AndroidManifest.xml:220:13-64
	android:configChanges
		ADDED from src\main\AndroidManifest.xml:217:13-63
	android:name
		ADDED from src\main\AndroidManifest.xml:216:13-57
activity#ys.app.petproject.activity.AchievementActivity
ADDED from src\main\AndroidManifest.xml:221:9-232:20
	android:screenOrientation
		ADDED from src\main\AndroidManifest.xml:225:13-49
	android:hardwareAccelerated
		ADDED from src\main\AndroidManifest.xml:224:13-48
	android:windowSoftInputMode
		ADDED from src\main\AndroidManifest.xml:226:13-64
	android:configChanges
		ADDED from src\main\AndroidManifest.xml:223:13-63
	android:name
		ADDED from src\main\AndroidManifest.xml:222:13-57
intent-filter#android.intent.category.DEFAULT+ys.app.petproject.action.AchievementActivity
ADDED from src\main\AndroidManifest.xml:227:13-231:29
action#ys.app.petproject.action.AchievementActivity
ADDED from src\main\AndroidManifest.xml:228:17-87
	android:name
		ADDED from src\main\AndroidManifest.xml:228:25-84
activity#ys.app.petproject.activity.StatisticsActivity
ADDED from src\main\AndroidManifest.xml:233:9-238:67
	android:screenOrientation
		ADDED from src\main\AndroidManifest.xml:237:13-49
	android:hardwareAccelerated
		ADDED from src\main\AndroidManifest.xml:236:13-48
	android:windowSoftInputMode
		ADDED from src\main\AndroidManifest.xml:238:13-64
	android:configChanges
		ADDED from src\main\AndroidManifest.xml:235:13-63
	android:name
		ADDED from src\main\AndroidManifest.xml:234:13-56
activity#ys.app.petproject.activity.GoodsActivity
ADDED from src\main\AndroidManifest.xml:239:9-244:67
	android:screenOrientation
		ADDED from src\main\AndroidManifest.xml:243:13-49
	android:hardwareAccelerated
		ADDED from src\main\AndroidManifest.xml:242:13-48
	android:windowSoftInputMode
		ADDED from src\main\AndroidManifest.xml:244:13-64
	android:configChanges
		ADDED from src\main\AndroidManifest.xml:241:13-63
	android:name
		ADDED from src\main\AndroidManifest.xml:240:13-51
activity#ys.app.petproject.activity.ServiceActivity
ADDED from src\main\AndroidManifest.xml:245:9-250:67
	android:screenOrientation
		ADDED from src\main\AndroidManifest.xml:249:13-49
	android:hardwareAccelerated
		ADDED from src\main\AndroidManifest.xml:248:13-48
	android:windowSoftInputMode
		ADDED from src\main\AndroidManifest.xml:250:13-64
	android:configChanges
		ADDED from src\main\AndroidManifest.xml:247:13-63
	android:name
		ADDED from src\main\AndroidManifest.xml:246:13-53
activity#ys.app.petproject.activity.AddGoodsActivity
ADDED from src\main\AndroidManifest.xml:251:9-256:67
	android:screenOrientation
		ADDED from src\main\AndroidManifest.xml:255:13-49
	android:hardwareAccelerated
		ADDED from src\main\AndroidManifest.xml:254:13-48
	android:windowSoftInputMode
		ADDED from src\main\AndroidManifest.xml:256:13-64
	android:configChanges
		ADDED from src\main\AndroidManifest.xml:253:13-63
	android:name
		ADDED from src\main\AndroidManifest.xml:252:13-54
activity#ys.app.petproject.activity.AddServiceActivity
ADDED from src\main\AndroidManifest.xml:257:9-262:67
	android:screenOrientation
		ADDED from src\main\AndroidManifest.xml:261:13-49
	android:hardwareAccelerated
		ADDED from src\main\AndroidManifest.xml:260:13-48
	android:windowSoftInputMode
		ADDED from src\main\AndroidManifest.xml:262:13-64
	android:configChanges
		ADDED from src\main\AndroidManifest.xml:259:13-63
	android:name
		ADDED from src\main\AndroidManifest.xml:258:13-56
activity#ys.app.petproject.activity.vip.VipRecordActivity
ADDED from src\main\AndroidManifest.xml:263:9-268:67
	android:screenOrientation
		ADDED from src\main\AndroidManifest.xml:267:13-49
	android:hardwareAccelerated
		ADDED from src\main\AndroidManifest.xml:266:13-48
	android:windowSoftInputMode
		ADDED from src\main\AndroidManifest.xml:268:13-64
	android:configChanges
		ADDED from src\main\AndroidManifest.xml:265:13-63
	android:name
		ADDED from src\main\AndroidManifest.xml:264:13-59
activity#ys.app.petproject.activity.SearchActivity
ADDED from src\main\AndroidManifest.xml:269:9-274:67
	android:screenOrientation
		ADDED from src\main\AndroidManifest.xml:273:13-49
	android:hardwareAccelerated
		ADDED from src\main\AndroidManifest.xml:272:13-48
	android:windowSoftInputMode
		ADDED from src\main\AndroidManifest.xml:274:13-64
	android:configChanges
		ADDED from src\main\AndroidManifest.xml:271:13-63
	android:name
		ADDED from src\main\AndroidManifest.xml:270:13-52
activity#ys.app.petproject.activity.ModifyServiceDetailActivity
ADDED from src\main\AndroidManifest.xml:275:9-280:67
	android:screenOrientation
		ADDED from src\main\AndroidManifest.xml:279:13-49
	android:hardwareAccelerated
		ADDED from src\main\AndroidManifest.xml:278:13-48
	android:windowSoftInputMode
		ADDED from src\main\AndroidManifest.xml:280:13-64
	android:configChanges
		ADDED from src\main\AndroidManifest.xml:277:13-63
	android:name
		ADDED from src\main\AndroidManifest.xml:276:13-65
activity#ys.app.petproject.activity.SaleActivity
ADDED from src\main\AndroidManifest.xml:281:9-292:20
	android:screenOrientation
		ADDED from src\main\AndroidManifest.xml:285:13-49
	android:hardwareAccelerated
		ADDED from src\main\AndroidManifest.xml:284:13-48
	android:windowSoftInputMode
		ADDED from src\main\AndroidManifest.xml:286:13-64
	android:configChanges
		ADDED from src\main\AndroidManifest.xml:283:13-63
	android:name
		ADDED from src\main\AndroidManifest.xml:282:13-50
intent-filter#android.intent.category.DEFAULT+ys.app.petproject.action.SaleActivity
ADDED from src\main\AndroidManifest.xml:287:13-291:29
action#ys.app.petproject.action.SaleActivity
ADDED from src\main\AndroidManifest.xml:288:17-80
	android:name
		ADDED from src\main\AndroidManifest.xml:288:25-77
activity#ys.app.petproject.activity.manage.ModifyBossPswActivity
ADDED from src\main\AndroidManifest.xml:293:9-298:67
	android:screenOrientation
		ADDED from src\main\AndroidManifest.xml:297:13-49
	android:hardwareAccelerated
		ADDED from src\main\AndroidManifest.xml:296:13-48
	android:windowSoftInputMode
		ADDED from src\main\AndroidManifest.xml:298:13-64
	android:configChanges
		ADDED from src\main\AndroidManifest.xml:295:13-63
	android:name
		ADDED from src\main\AndroidManifest.xml:294:13-66
activity#ys.app.petproject.activity.ForgetPwdActivity
ADDED from src\main\AndroidManifest.xml:299:9-304:67
	android:screenOrientation
		ADDED from src\main\AndroidManifest.xml:303:13-49
	android:hardwareAccelerated
		ADDED from src\main\AndroidManifest.xml:302:13-48
	android:windowSoftInputMode
		ADDED from src\main\AndroidManifest.xml:304:13-64
	android:configChanges
		ADDED from src\main\AndroidManifest.xml:301:13-63
	android:name
		ADDED from src\main\AndroidManifest.xml:300:13-55
activity#ys.app.petproject.activity.TransactionDetailActivity
ADDED from src\main\AndroidManifest.xml:305:9-310:67
	android:screenOrientation
		ADDED from src\main\AndroidManifest.xml:309:13-49
	android:hardwareAccelerated
		ADDED from src\main\AndroidManifest.xml:308:13-48
	android:windowSoftInputMode
		ADDED from src\main\AndroidManifest.xml:310:13-64
	android:configChanges
		ADDED from src\main\AndroidManifest.xml:307:13-63
	android:name
		ADDED from src\main\AndroidManifest.xml:306:13-63
activity#ys.app.petproject.activity.manage.EmployeeDetailActivity
ADDED from src\main\AndroidManifest.xml:311:9-316:67
	android:screenOrientation
		ADDED from src\main\AndroidManifest.xml:315:13-49
	android:hardwareAccelerated
		ADDED from src\main\AndroidManifest.xml:314:13-48
	android:windowSoftInputMode
		ADDED from src\main\AndroidManifest.xml:316:13-64
	android:configChanges
		ADDED from src\main\AndroidManifest.xml:313:13-63
	android:name
		ADDED from src\main\AndroidManifest.xml:312:13-67
activity#ys.app.petproject.activity.manage.EditEmployeeActivity
ADDED from src\main\AndroidManifest.xml:317:9-322:67
	android:screenOrientation